*WARNING* file /home/s5117909/CDS.log File is already locked by some other process.
*WARNING* file /home/s5117909/CDS.log.1 File is already locked by some other process.
*WARNING* file /home/s5117909/CDS.log.2 File is already locked by some other process.
COPYRIGHT (C) 1992-2024  CADENCE DESIGN SYSTEMS INC.  ALL RIGHTS RESERVED.
          (C) 1992-2024  UNIX SYSTEMS Laboratories INC.,
                         Reproduced with permission.

This Cadence Design Systems program and online documentation are
proprietary/confidential information and may be disclosed/used only
as authorized in a license agreement controlling such use and disclosure.

          RESTRICTED RIGHTS NOTICE (SHORT FORM)
Use/reproduction/disclosure is subject to restriction
set forth at FAR 1252.227-19 or its equivalent.
Loading geView.cxt 
Loading menuBuilder.cxt 
Loading im.cxt 
Loading schView.cxt 
Loading selectSv.cxt 
Loading pvsui.cxt
Loading wireEdit.cxt 
Loading pte2.cxt 
Loading xlUI.cxt 
Loading auCore.cxt 
Loading vhdl.cxt 
Loading seismic.cxt 
Loading ci.cxt 
Loading layers.cxt 
Loading drv.cxt 
Loading ams.cxt 
Loading adexlDM.cxt 
Loading cpf.cxt 
Loading cli.cxt 
Loading lp.cxt 
Loading sipLayout.cxt 
Loading diagCenter.cxt 
INFO (ELI-00333) Client process connection mode is NormalChild.
Loading oasis.cxt 
Loading dal.cxt 
Loading awv.cxt 
Loading vdsil.cxt 
Loading analog.cxt 
Loading asimenv.cxt 
Loading spectrei.cxt 
Loading adexlCore.cxt 
Loading socket.cxt 
Loading par.cxt 
Loading alvs.cxt 
Loading caa.cxt 
Loading amps.cxt 
Loading adexl.cxt 
Loading lx.cxt 
Loading pe.cxt 
Loading lce.cxt 
Loading le.cxt 
Loading drdEdit.cxt 
Loading rte.cxt 
Loading te.cxt 
Loading schHDL.cxt 
Loading devCheck.cxt 
Loading relXpert.cxt 
Loading simui.cxt 
ERROR (ADE-5726): Unable to open config (sebastian_thesis_pilot synapsedualinputtb schematic).
Using PDK model file: /home/s5117909/eda_env/xp018/xp018_combine.lib
Using PDK model section: <none>
Parallel split: job 0 of 64
Frequency mixing: enabled
Trial mixing: disabled; only matching trial_N files are paired
WARNING (OCN-6005): You do not have the required cellviews or properties open for this session.
        You may have purged the data from virtual memory or the schematic data
        has been closed. Type: simulator('simulatorName) to reset the
        session or quit the application that you are using.
ERROR (ADE-5750): Unable to Simulate, either session is invalid or design is not specified.
WARNING (OCN-6040): The specified directory does not exist, or the directory does not contain valid PSF results.
        Ensure that the path to the directory is correct and the directory has a logFile and PSF result files.
WARNING (OCN-6034): You need to specify what results you want to look at before using this command.
        You can do this with the openResults() command. For more information type,
        ocnHelp('openResults) in the Command Interface Window (CIW).
Finished: st1_81_hz__st2_81_hz__trial_1
Finished assigned simulations for job 0 of 64.
Total valid cases seen by this process: 64
Cases assigned to this process: 1
Cases skipped by this process: 63
Manifest written to: /home/s5117909/Documents/thesis/sebastian_thesis_repo/processing/cadence_extraction/output_single_data/run_manifest_job_0_of_64.csv
Output base directory: /home/s5117909/Documents/thesis/sebastian_thesis_repo/processing/cadence_extraction/output_single_data
CAD_BATCH_EXIT=1, exiting OCEAN.
